<?xml version="1.0" encoding="UTF-8"?>
<!-- Generated by org.testng.reporters.JUnitReportReporter -->
<testsuite hostname="DESKTOP-3TLKGCF" failures="0" tests="1" name="testscriptforgrocery.Managenewstest" time="5.165" errors="0" timestamp="2025-06-04T14:20:56 IST" skipped="0">
  <testcase classname="testscriptforgrocery.Managenewstest" name="testManageNews" time="5.165"/>
</testsuite> <!-- testscriptforgrocery.Managenewstest -->
