<?xml version="1.0" encoding="UTF-8"?>
<!-- Generated by org.testng.reporters.JUnitReportReporter -->
<testsuite hostname="DESKTOP-3TLKGCF" failures="0" tests="1" name="testscriptforgrocery.Logintestgrocery" time="3.255" errors="0" timestamp="2025-05-27T15:51:35 IST" skipped="0">
  <testcase classname="testscriptforgrocery.Logintestgrocery" name="verifyloginforgrocery" time="3.255"/>
</testsuite> <!-- testscriptforgrocery.Logintestgrocery -->
