<?xml version="1.0" encoding="UTF-8"?>
<!-- Generated by org.testng.reporters.JUnitReportReporter -->
<testsuite hostname="DESKTOP-3TLKGCF" failures="0" tests="1" name="testscriptforgrocery.HomePagetest" time="6.324" errors="0" timestamp="2025-05-31T08:25:10 IST" skipped="0">
  <testcase classname="testscriptforgrocery.HomePagetest" name="verifyloginforgrocery" time="6.324"/>
</testsuite> <!-- testscriptforgrocery.HomePagetest -->
