<?xml version="1.0" encoding="UTF-8"?>
<!-- Generated by org.testng.reporters.JUnitReportReporter -->
<testsuite hostname="DESKTOP-3TLKGCF" failures="0" tests="1" name="testscriptforgrocery.Managefootertest" time="5.105" errors="0" timestamp="2025-06-04T19:15:17 IST" skipped="0">
  <testcase classname="testscriptforgrocery.Managefootertest" name="managefooter" time="5.105"/>
</testsuite> <!-- testscriptforgrocery.Managefootertest -->
