<?xml version="1.0" encoding="UTF-8"?>
<!-- Generated by org.testng.reporters.JUnitReportReporter -->
<testsuite hostname="DESKTOP-3TLKGCF" failures="0" tests="1" name="testscriptforgrocery.SearchforgroceryTest" time="4.636" errors="0" timestamp="2025-06-04T18:35:00 IST" skipped="0">
  <testcase classname="testscriptforgrocery.SearchforgroceryTest" name="userpswd" time="4.636"/>
</testsuite> <!-- testscriptforgrocery.SearchforgroceryTest -->
