<?xml version="1.0" encoding="UTF-8"?>
<!-- Generated by org.testng.reporters.JUnitReportReporter -->
<testsuite hostname="DESKTOP-3TLKGCF" failures="0" tests="1" name="testscriptforgrocery.Managecontacttest" time="4.276" errors="0" timestamp="2025-06-04T20:44:23 IST" skipped="0">
  <testcase classname="testscriptforgrocery.Managecontacttest" name="managecontactus" time="4.276"/>
</testsuite> <!-- testscriptforgrocery.Managecontacttest -->
