<?xml version="1.0" encoding="UTF-8"?>
<!-- Generated by org.testng.reporters.JUnitReportReporter -->
<testsuite hostname="DESKTOP-3TLKGCF" failures="0" tests="2" name="testngannotation.TestNG" time="0.017" errors="0" timestamp="2025-05-15T20:09:16 IST" skipped="0">
  <testcase classname="testngannotation.TestNG" name="display" time="0.016"/>
  <testcase classname="testngannotation.TestNG" name="print" time="0.001"/>
</testsuite> <!-- testngannotation.TestNG -->
