<?xml version="1.0" encoding="UTF-8"?>
<!-- Generated by org.testng.reporters.JUnitReportReporter -->
<testsuite hostname="DESKTOP-3TLKGCF" failures="0" tests="1" name="testngannotation.Testclass" time="0.011" errors="0" timestamp="2025-05-15T20:39:48 IST" skipped="0">
  <testcase classname="testngannotation.Testclass" name="display" time="0.011"/>
</testsuite> <!-- testngannotation.Testclass -->
