<?xml version="1.0" encoding="UTF-8"?>
<!-- Generated by org.testng.reporters.JUnitReportReporter -->
<testsuite hostname="DESKTOP-3TLKGCF" failures="0" tests="1" name="testngannotation.Practiceclass" time="0.008" errors="0" timestamp="2025-05-15T20:10:04 IST" skipped="0">
  <testcase classname="testngannotation.Practiceclass" name="display" time="0.008"/>
</testsuite> <!-- testngannotation.Practiceclass -->
