<?xml version="1.0" encoding="UTF-8"?>
<!-- Generated by org.testng.reporters.JUnitReportReporter -->
<testsuite hostname="DESKTOP-3TLKGCF" failures="0" tests="1" name="testngannotation.Annotation1" time="0.040" errors="0" timestamp="2025-05-14T22:12:09 IST" skipped="0">
  <testcase classname="testngannotation.Annotation1" name="display" time="0.040"/>
</testsuite> <!-- testngannotation.Annotation1 -->
