<?xml version="1.0" encoding="UTF-8"?>
<!-- Generated by org.testng.reporters.JUnitReportReporter -->
<testsuite hostname="DESKTOP-3TLKGCF" failures="0" tests="1" name="testngannotation.Javascriptexample" time="3.918" errors="0" timestamp="2025-05-15T21:07:06 IST" skipped="0">
  <testcase classname="testngannotation.Javascriptexample" name="javascript" time="3.918"/>
</testsuite> <!-- testngannotation.Javascriptexample -->
